[16-05-29 16:50:24] Info: Compiling Prolines Path Attachments to bin/build-160529165024036.dll...
[16-05-29 16:50:24] Info: Compiling from `ModSparkLoader.csproj`.
[16-05-29 16:50:24] Info: Resolved assembly reference `Assembly-CSharp` to `d:/program files (x86)/steam\SteamApps\common\Parkitect\Parkitect_Data\Managed\Assembly-CSharp.dll`
[16-05-29 16:50:24] Info: IGNORING assembly reference `Depender`
[16-05-29 16:50:24] Info: Resolved assembly reference `System` to `System.dll`
[16-05-29 16:50:24] Info: Resolved assembly reference `System.Core` to `System.Core.dll`
[16-05-29 16:50:24] Info: Resolved assembly reference `System.Data` to `System.Data.dll`
[16-05-29 16:50:24] Info: Resolved assembly reference `System.Data.DataSetExtensions` to `System.Data.DataSetExtensions.dll`
[16-05-29 16:50:24] Info: Resolved assembly reference `System.Xml` to `System.Xml.dll`
[16-05-29 16:50:24] Info: Resolved assembly reference `System.Xml.Linq` to `System.Xml.Linq.dll`
[16-05-29 16:50:24] Info: Resolved assembly reference `UnityEngine` to `d:/program files (x86)/steam\SteamApps\common\Parkitect\Parkitect_Data\Managed\UnityEngine.dll`
[16-05-29 16:50:24] Info: Resolved assembly reference `UnityEngine.UI` to `d:/program files (x86)/steam\SteamApps\common\Parkitect\Parkitect_Data\Managed\UnityEngine.UI.dll`
[16-05-29 16:50:24] Info: Source files: ModSparkLoader\FlatRideLoader.cs, ModSparkLoader\Main.cs, ModSparkLoader\ModLoader.cs from `C:\Users\liam\Documents\Parkitect\pnmods\Prolines Path Attachments`.
[16-05-29 16:50:24] Info: Compile using compiler version v3.5.
[16-05-29 16:50:34] Info: Loaded build-160529165024036, Version=0.0.0.0, Culture=neutral, PublicKeyToken=null.
[16-05-29 16:50:34] Info: Sucessfully registered Custom_Scenery.Main to the mod manager.
[16-05-29 16:54:35] Info: Loaded build-160529165024036, Version=0.0.0.0, Culture=neutral, PublicKeyToken=null.
[16-05-29 16:54:35] Info: Sucessfully registered Custom_Scenery.Main to the mod manager.
[16-05-29 16:55:13] Info: Loaded build-160529165024036, Version=0.0.0.0, Culture=neutral, PublicKeyToken=null.
[16-05-29 16:55:13] Info: Sucessfully registered Custom_Scenery.Main to the mod manager.
[16-05-29 16:55:49] Info: Loaded build-160529165024036, Version=0.0.0.0, Culture=neutral, PublicKeyToken=null.
[16-05-29 16:55:49] Info: Sucessfully registered Custom_Scenery.Main to the mod manager.
